2025-05-06 08:36:35 - c.f.eureka.EurekaServerApplication - Starting EurekaServerApplication using Java 21.0.6 with PID 49144 (C:\Users\HP\OneDrive\Desktop\Flight-Booking-Proto\Flight-Booking-Proto\Eureka-Server\target\classes started by HP in C:\Users\HP\OneDrive\Desktop\Flight-Booking-Proto\Flight-Booking-Proto\Eureka-Server)
2025-05-06 08:36:35 - c.f.eureka.EurekaServerApplication - No active profile set, falling back to 1 default profile: "default"
2025-05-06 08:36:36 - o.s.cloud.context.scope.GenericScope - BeanFactory id=b1ba57f4-bbdb-34ba-8d4f-c394292dcbc4
2025-05-06 08:36:36 - o.s.b.w.e.tomcat.TomcatWebServer - Tomcat initialized with port 8761 (http)
2025-05-06 08:36:36 - o.a.catalina.core.StandardService - Starting service [Tomcat]
2025-05-06 08:36:36 - o.a.catalina.core.StandardEngine - Starting Servlet engine: [Apache Tomcat/10.1.39]
2025-05-06 08:36:36 - o.a.c.c.C.[Tomcat].[localhost].[/] - Initializing Spring embedded WebApplicationContext
2025-05-06 08:36:36 - o.s.b.w.s.c.ServletWebServerApplicationContext - Root WebApplicationContext: initialization completed in 1432 ms
2025-05-06 08:36:37 - c.n.d.p.DiscoveryJerseyProvider - Using JSON encoding codec LegacyJacksonJson
2025-05-06 08:36:37 - c.n.d.p.DiscoveryJerseyProvider - Using JSON decoding codec LegacyJacksonJson
2025-05-06 08:36:38 - c.n.d.p.DiscoveryJerseyProvider - Using XML encoding codec XStreamXml
2025-05-06 08:36:38 - c.n.d.p.DiscoveryJerseyProvider - Using XML decoding codec XStreamXml
2025-05-06 08:36:38 - o.s.v.b.OptionalValidatorFactoryBean - Failed to set up a Bean Validation provider: jakarta.validation.NoProviderFoundException: Unable to create a Configuration, because no Jakarta Bean Validation provider could be found. Add a provider like Hibernate Validator (RI) to your classpath.
2025-05-06 08:36:39 - o.s.cloud.commons.util.InetUtils - Cannot determine local hostname
2025-05-06 08:36:40 - o.s.cloud.commons.util.InetUtils - Cannot determine local hostname
2025-05-06 08:36:40 - o.s.c.l.c.LoadBalancerCacheAutoConfiguration$LoadBalancerCaffeineWarnLogger - Spring Cloud LoadBalancer is currently working with the default cache. While this cache implementation is useful for development and tests, it's recommended to use Caffeine cache in production.You can switch to using Caffeine cache, by adding it and org.springframework.cache.caffeine.CaffeineCacheManager to the classpath.
2025-05-06 08:36:40 - o.s.c.n.eureka.InstanceInfoFactory - Setting initial instance status as: STARTING
2025-05-06 08:36:40 - c.netflix.discovery.DiscoveryClient - Initializing Eureka in region us-east-1
2025-05-06 08:36:40 - c.netflix.discovery.DiscoveryClient - Client configured to neither register nor query for data.
2025-05-06 08:36:40 - c.netflix.discovery.DiscoveryClient - Discovery Client initialized at timestamp 1746500800933 with initial instances count: 0
2025-05-06 08:36:40 - c.n.e.DefaultEurekaServerContext - Initializing ...
2025-05-06 08:36:40 - c.n.eureka.cluster.PeerEurekaNodes - Adding new peer nodes [http://localhost:8761/eureka/]
2025-05-06 08:36:41 - c.n.d.p.DiscoveryJerseyProvider - Using JSON encoding codec LegacyJacksonJson
2025-05-06 08:36:41 - c.n.d.p.DiscoveryJerseyProvider - Using JSON decoding codec LegacyJacksonJson
2025-05-06 08:36:41 - c.n.d.p.DiscoveryJerseyProvider - Using XML encoding codec XStreamXml
2025-05-06 08:36:41 - c.n.d.p.DiscoveryJerseyProvider - Using XML decoding codec XStreamXml
2025-05-06 08:36:41 - c.n.eureka.cluster.PeerEurekaNodes - Replica node URL:  http://localhost:8761/eureka/
2025-05-06 08:36:41 - c.n.e.r.AbstractInstanceRegistry - Finished initializing remote region registries. All known remote regions: []
2025-05-06 08:36:41 - c.n.e.DefaultEurekaServerContext - Initialized
2025-05-06 08:36:41 - o.s.b.a.e.web.EndpointLinksResolver - Exposing 1 endpoint beneath base path '/actuator'
2025-05-06 08:36:41 - o.s.c.n.e.s.EurekaServiceRegistry - Registering application UNKNOWN with eureka with status UP
2025-05-06 08:36:41 - o.s.c.n.e.s.EurekaServerBootstrap - isAws returned false
2025-05-06 08:36:41 - o.s.c.n.e.s.EurekaServerBootstrap - Initialized server context
2025-05-06 08:36:41 - c.n.e.r.PeerAwareInstanceRegistryImpl - Got 1 instances from neighboring DS node
2025-05-06 08:36:41 - c.n.e.r.PeerAwareInstanceRegistryImpl - Renew threshold is: 1
2025-05-06 08:36:41 - c.n.e.r.PeerAwareInstanceRegistryImpl - Changing status to UP
2025-05-06 08:36:41 - o.s.c.n.e.s.EurekaServerInitializerConfiguration - Started Eureka Server
2025-05-06 08:36:41 - o.s.b.w.e.tomcat.TomcatWebServer - Tomcat started on port 8761 (http) with context path '/'
2025-05-06 08:36:41 - o.s.c.n.e.s.EurekaAutoServiceRegistration - Updating port to 8761
2025-05-06 08:36:42 - o.s.cloud.commons.util.InetUtils - Cannot determine local hostname
2025-05-06 08:36:42 - c.f.eureka.EurekaServerApplication - Started EurekaServerApplication in 8.202 seconds (process running for 8.971)
2025-05-06 08:36:42 - o.a.c.c.C.[Tomcat].[localhost].[/] - Initializing Spring DispatcherServlet 'dispatcherServlet'
2025-05-06 08:36:42 - o.s.web.servlet.DispatcherServlet - Initializing Servlet 'dispatcherServlet'
2025-05-06 08:36:42 - o.s.web.servlet.DispatcherServlet - Completed initialization in 0 ms
2025-05-06 08:37:41 - c.n.e.r.AbstractInstanceRegistry - Running the evict task with compensationTime 0ms
2025-05-06 08:37:43 - c.n.e.r.AbstractInstanceRegistry - Registered instance SEARCH-SERVICE/localhost:search-service:8081 with status UP (replication=false)
2025-05-06 08:37:44 - c.n.e.r.AbstractInstanceRegistry - Registered instance SEARCH-SERVICE/localhost:search-service:8081 with status UP (replication=true)
2025-05-06 08:38:19 - c.n.e.r.AbstractInstanceRegistry - Registered instance PRICING-SERVICE/localhost:pricing-service:8085 with status UP (replication=false)
2025-05-06 08:38:20 - c.n.e.r.AbstractInstanceRegistry - Registered instance PRICING-SERVICE/localhost:pricing-service:8085 with status UP (replication=true)
2025-05-06 08:38:41 - c.n.e.r.AbstractInstanceRegistry - Running the evict task with compensationTime 0ms
2025-05-06 08:38:55 - c.n.e.r.AbstractInstanceRegistry - Registered instance BOOKING-SERVICE/localhost:booking-service:8084 with status UP (replication=false)
2025-05-06 08:38:56 - c.n.e.r.AbstractInstanceRegistry - Registered instance BOOKING-SERVICE/localhost:booking-service:8084 with status UP (replication=true)
2025-05-06 08:39:41 - c.n.e.r.AbstractInstanceRegistry - Running the evict task with compensationTime 0ms
2025-05-06 08:40:41 - c.n.e.r.AbstractInstanceRegistry - Running the evict task with compensationTime 0ms
2025-05-06 08:41:41 - c.n.e.r.AbstractInstanceRegistry - Running the evict task with compensationTime 0ms
2025-05-06 08:42:41 - c.n.e.r.AbstractInstanceRegistry - Running the evict task with compensationTime 0ms
2025-05-06 08:42:52 - c.n.e.r.AbstractInstanceRegistry - Registered instance BOOKING-SERVICE/localhost:booking-service:8084 with status DOWN (replication=false)
2025-05-06 08:42:53 - c.n.e.r.AbstractInstanceRegistry - Registered instance BOOKING-SERVICE/localhost:booking-service:8084 with status DOWN (replication=true)
2025-05-06 08:42:53 - c.n.e.r.AbstractInstanceRegistry - Registered instance PRICING-SERVICE/localhost:pricing-service:8085 with status DOWN (replication=false)
2025-05-06 08:42:53 - c.n.e.r.AbstractInstanceRegistry - Registered instance SEARCH-SERVICE/localhost:search-service:8081 with status DOWN (replication=false)
2025-05-06 08:42:53 - c.n.e.r.AbstractInstanceRegistry - Registered instance PRICING-SERVICE/localhost:pricing-service:8085 with status DOWN (replication=true)
2025-05-06 08:42:53 - c.n.e.r.AbstractInstanceRegistry - Registered instance SEARCH-SERVICE/localhost:search-service:8081 with status DOWN (replication=true)
2025-05-06 08:42:54 - o.s.b.a.SpringApplicationAdminMXBeanRegistrar$SpringApplicationAdmin - Application shutdown requested.
2025-05-06 08:42:54 - o.s.b.a.SpringApplicationAdminMXBeanRegistrar$SpringApplicationAdmin - Application shutdown requested.
2025-05-06 08:42:54 - o.s.c.n.e.s.EurekaServiceRegistry - Unregistering application UNKNOWN with eureka with status DOWN
2025-05-06 08:42:54 - o.s.b.w.e.tomcat.GracefulShutdown - Commencing graceful shutdown. Waiting for active requests to complete
2025-05-06 08:42:54 - o.s.b.w.e.tomcat.GracefulShutdown - Graceful shutdown complete
2025-05-06 08:42:54 - o.s.c.n.e.s.EurekaServerBootstrap - Shutting down Eureka Server..
2025-05-06 08:42:54 - c.n.e.DefaultEurekaServerContext - Shutting down ...
2025-05-06 08:42:54 - c.n.e.DefaultEurekaServerContext - Shut down
2025-05-06 08:42:54 - o.s.c.n.e.s.EurekaServerBootstrap - Eureka Service is now shutdown...
2025-05-06 08:42:54 - c.n.e.DefaultEurekaServerContext - Shutting down ...
2025-05-06 08:42:54 - c.n.e.DefaultEurekaServerContext - Shut down
2025-05-06 08:42:54 - c.netflix.discovery.DiscoveryClient - Shutting down DiscoveryClient ...
2025-05-06 08:42:54 - c.netflix.discovery.DiscoveryClient - Completed shut down of DiscoveryClient
2025-05-06 08:42:54 - c.n.d.s.t.j.EurekaJersey3ClientImpl - Cannot clean connections
java.lang.IllegalStateException: Client instance has been closed.
	at org.glassfish.jersey.internal.guava.Preconditions.checkState(Preconditions.java:169)
	at org.glassfish.jersey.client.JerseyClient.checkNotClosed(JerseyClient.java:248)
	at org.glassfish.jersey.client.JerseyClient.getConfiguration(JerseyClient.java:363)
	at org.glassfish.jersey.client.JerseyClient.getConfiguration(JerseyClient.java:54)
	at com.netflix.discovery.shared.transport.jersey3.EurekaJersey3ClientImpl$ConnectionCleanerTask.run(EurekaJersey3ClientImpl.java:338)
	at java.base/java.util.concurrent.Executors$RunnableAdapter.call(Executors.java:572)
	at java.base/java.util.concurrent.FutureTask.run(FutureTask.java:317)
	at java.base/java.util.concurrent.ScheduledThreadPoolExecutor$ScheduledFutureTask.run(ScheduledThreadPoolExecutor.java:304)
	at java.base/java.util.concurrent.ThreadPoolExecutor.runWorker(ThreadPoolExecutor.java:1144)
	at java.base/java.util.concurrent.ThreadPoolExecutor$Worker.run(ThreadPoolExecutor.java:642)
	at java.base/java.lang.Thread.run(Thread.java:1583)
2025-05-06 09:17:57 - c.f.eureka.EurekaServerApplication - Starting EurekaServerApplication using Java 21.0.6 with PID 30868 (C:\Users\HP\OneDrive\Desktop\Flight-Booking-Proto\Flight-Booking-Proto\Eureka-Server\target\classes started by HP in C:\Users\HP\OneDrive\Desktop\Flight-Booking-Proto\Flight-Booking-Proto\Eureka-Server)
2025-05-06 09:17:57 - c.f.eureka.EurekaServerApplication - No active profile set, falling back to 1 default profile: "default"
2025-05-06 09:17:58 - o.s.cloud.context.scope.GenericScope - BeanFactory id=b1ba57f4-bbdb-34ba-8d4f-c394292dcbc4
2025-05-06 09:17:59 - o.s.b.w.e.tomcat.TomcatWebServer - Tomcat initialized with port 8761 (http)
2025-05-06 09:17:59 - o.a.catalina.core.StandardService - Starting service [Tomcat]
2025-05-06 09:17:59 - o.a.catalina.core.StandardEngine - Starting Servlet engine: [Apache Tomcat/10.1.39]
2025-05-06 09:17:59 - o.a.c.c.C.[Tomcat].[localhost].[/] - Initializing Spring embedded WebApplicationContext
2025-05-06 09:17:59 - o.s.b.w.s.c.ServletWebServerApplicationContext - Root WebApplicationContext: initialization completed in 1267 ms
2025-05-06 09:18:00 - c.n.d.p.DiscoveryJerseyProvider - Using JSON encoding codec LegacyJacksonJson
2025-05-06 09:18:00 - c.n.d.p.DiscoveryJerseyProvider - Using JSON decoding codec LegacyJacksonJson
2025-05-06 09:18:00 - c.n.d.p.DiscoveryJerseyProvider - Using XML encoding codec XStreamXml
2025-05-06 09:18:00 - c.n.d.p.DiscoveryJerseyProvider - Using XML decoding codec XStreamXml
2025-05-06 09:18:00 - o.s.v.b.OptionalValidatorFactoryBean - Failed to set up a Bean Validation provider: jakarta.validation.NoProviderFoundException: Unable to create a Configuration, because no Jakarta Bean Validation provider could be found. Add a provider like Hibernate Validator (RI) to your classpath.
2025-05-06 09:18:01 - o.s.cloud.commons.util.InetUtils - Cannot determine local hostname
2025-05-06 09:18:03 - o.s.cloud.commons.util.InetUtils - Cannot determine local hostname
2025-05-06 09:18:03 - o.s.c.l.c.LoadBalancerCacheAutoConfiguration$LoadBalancerCaffeineWarnLogger - Spring Cloud LoadBalancer is currently working with the default cache. While this cache implementation is useful for development and tests, it's recommended to use Caffeine cache in production.You can switch to using Caffeine cache, by adding it and org.springframework.cache.caffeine.CaffeineCacheManager to the classpath.
2025-05-06 09:18:03 - o.s.c.n.eureka.InstanceInfoFactory - Setting initial instance status as: STARTING
2025-05-06 09:18:03 - c.netflix.discovery.DiscoveryClient - Initializing Eureka in region us-east-1
2025-05-06 09:18:03 - c.netflix.discovery.DiscoveryClient - Client configured to neither register nor query for data.
2025-05-06 09:18:03 - c.netflix.discovery.DiscoveryClient - Discovery Client initialized at timestamp 1746503283261 with initial instances count: 0
2025-05-06 09:18:03 - c.n.e.DefaultEurekaServerContext - Initializing ...
2025-05-06 09:18:03 - c.n.eureka.cluster.PeerEurekaNodes - Adding new peer nodes [http://localhost:8761/eureka/]
2025-05-06 09:18:03 - c.n.d.p.DiscoveryJerseyProvider - Using JSON encoding codec LegacyJacksonJson
2025-05-06 09:18:03 - c.n.d.p.DiscoveryJerseyProvider - Using JSON decoding codec LegacyJacksonJson
2025-05-06 09:18:03 - c.n.d.p.DiscoveryJerseyProvider - Using XML encoding codec XStreamXml
2025-05-06 09:18:03 - c.n.d.p.DiscoveryJerseyProvider - Using XML decoding codec XStreamXml
2025-05-06 09:18:03 - c.n.eureka.cluster.PeerEurekaNodes - Replica node URL:  http://localhost:8761/eureka/
2025-05-06 09:18:03 - c.n.e.r.AbstractInstanceRegistry - Finished initializing remote region registries. All known remote regions: []
2025-05-06 09:18:03 - c.n.e.DefaultEurekaServerContext - Initialized
2025-05-06 09:18:03 - o.s.b.a.e.web.EndpointLinksResolver - Exposing 1 endpoint beneath base path '/actuator'
2025-05-06 09:18:03 - o.s.c.n.e.s.EurekaServiceRegistry - Registering application UNKNOWN with eureka with status UP
2025-05-06 09:18:03 - o.s.c.n.e.s.EurekaServerBootstrap - isAws returned false
2025-05-06 09:18:03 - o.s.c.n.e.s.EurekaServerBootstrap - Initialized server context
2025-05-06 09:18:03 - c.n.e.r.PeerAwareInstanceRegistryImpl - Got 1 instances from neighboring DS node
2025-05-06 09:18:03 - c.n.e.r.PeerAwareInstanceRegistryImpl - Renew threshold is: 1
2025-05-06 09:18:03 - c.n.e.r.PeerAwareInstanceRegistryImpl - Changing status to UP
2025-05-06 09:18:03 - o.s.c.n.e.s.EurekaServerInitializerConfiguration - Started Eureka Server
2025-05-06 09:18:03 - o.s.b.w.e.tomcat.TomcatWebServer - Tomcat started on port 8761 (http) with context path '/'
2025-05-06 09:18:03 - o.s.c.n.e.s.EurekaAutoServiceRegistration - Updating port to 8761
2025-05-06 09:18:04 - o.s.cloud.commons.util.InetUtils - Cannot determine local hostname
2025-05-06 09:18:04 - c.f.eureka.EurekaServerApplication - Started EurekaServerApplication in 8.113 seconds (process running for 8.902)
2025-05-06 09:18:05 - o.a.c.c.C.[Tomcat].[localhost].[/] - Initializing Spring DispatcherServlet 'dispatcherServlet'
2025-05-06 09:18:05 - o.s.web.servlet.DispatcherServlet - Initializing Servlet 'dispatcherServlet'
2025-05-06 09:18:05 - o.s.web.servlet.DispatcherServlet - Completed initialization in 2 ms
2025-05-06 09:18:34 - c.n.e.r.AbstractInstanceRegistry - Registered instance SEARCH-SERVICE/localhost:search-service:8081 with status UP (replication=false)
2025-05-06 09:18:34 - c.n.e.r.AbstractInstanceRegistry - Registered instance SEARCH-SERVICE/localhost:search-service:8081 with status UP (replication=true)
2025-05-06 09:18:40 - c.n.e.r.AbstractInstanceRegistry - Registered instance PRICING-SERVICE/localhost:pricing-service:8085 with status UP (replication=false)
2025-05-06 09:18:40 - c.n.e.r.AbstractInstanceRegistry - Registered instance PRICING-SERVICE/localhost:pricing-service:8085 with status UP (replication=true)
2025-05-06 09:18:55 - c.n.e.r.AbstractInstanceRegistry - Registered instance BOOKING-SERVICE/localhost:booking-service:8084 with status UP (replication=false)
2025-05-06 09:18:56 - c.n.e.r.AbstractInstanceRegistry - Registered instance BOOKING-SERVICE/localhost:booking-service:8084 with status UP (replication=true)
2025-05-06 09:19:03 - c.n.e.r.AbstractInstanceRegistry - Running the evict task with compensationTime 0ms
2025-05-06 09:20:03 - c.n.e.r.AbstractInstanceRegistry - Running the evict task with compensationTime 6ms
2025-05-06 09:21:03 - c.n.e.r.AbstractInstanceRegistry - Running the evict task with compensationTime 15ms
2025-05-06 09:22:03 - c.n.e.r.AbstractInstanceRegistry - Running the evict task with compensationTime 1ms
2025-05-06 09:23:03 - c.n.e.r.AbstractInstanceRegistry - Running the evict task with compensationTime 0ms
2025-05-06 09:24:03 - c.n.e.r.AbstractInstanceRegistry - Running the evict task with compensationTime 6ms
2025-05-06 09:25:03 - c.n.e.r.AbstractInstanceRegistry - Running the evict task with compensationTime 3ms
2025-05-06 09:26:03 - c.n.e.r.AbstractInstanceRegistry - Running the evict task with compensationTime 3ms
2025-05-06 09:27:03 - c.n.e.r.AbstractInstanceRegistry - Running the evict task with compensationTime 6ms
2025-05-06 09:28:03 - c.n.e.r.AbstractInstanceRegistry - Running the evict task with compensationTime 3ms
2025-05-06 09:29:03 - c.n.e.r.AbstractInstanceRegistry - Running the evict task with compensationTime 3ms
2025-05-06 09:30:03 - c.n.e.r.AbstractInstanceRegistry - Running the evict task with compensationTime 7ms
2025-05-06 09:31:03 - c.n.e.r.AbstractInstanceRegistry - Running the evict task with compensationTime 7ms
2025-05-06 09:32:03 - c.n.e.r.AbstractInstanceRegistry - Running the evict task with compensationTime 0ms
2025-05-06 09:33:03 - c.n.e.r.PeerAwareInstanceRegistryImpl - Current renewal threshold is : 0
2025-05-06 09:33:03 - c.n.e.r.AbstractInstanceRegistry - Running the evict task with compensationTime 3ms
2025-05-06 09:34:03 - c.n.e.r.AbstractInstanceRegistry - Running the evict task with compensationTime 2ms
2025-05-06 09:35:03 - c.n.e.r.AbstractInstanceRegistry - Running the evict task with compensationTime 2ms
2025-05-06 09:36:03 - c.n.e.r.AbstractInstanceRegistry - Running the evict task with compensationTime 6ms
2025-05-06 09:37:03 - c.n.e.r.AbstractInstanceRegistry - Running the evict task with compensationTime 5ms
2025-05-06 09:38:03 - c.n.e.r.AbstractInstanceRegistry - Running the evict task with compensationTime 2ms
2025-05-06 09:39:03 - c.n.e.r.AbstractInstanceRegistry - Running the evict task with compensationTime 7ms
2025-05-06 09:40:03 - c.n.e.r.AbstractInstanceRegistry - Running the evict task with compensationTime 1ms
2025-05-06 09:41:03 - c.n.e.r.AbstractInstanceRegistry - Running the evict task with compensationTime 11ms
2025-05-06 09:42:03 - c.n.e.r.AbstractInstanceRegistry - Running the evict task with compensationTime 11ms
2025-05-06 09:43:03 - c.n.e.r.AbstractInstanceRegistry - Running the evict task with compensationTime 1ms
2025-05-06 09:44:03 - c.n.e.r.AbstractInstanceRegistry - Running the evict task with compensationTime 5ms
2025-05-06 09:45:03 - c.n.e.r.AbstractInstanceRegistry - Running the evict task with compensationTime 3ms
2025-05-06 09:46:03 - c.n.e.r.AbstractInstanceRegistry - Running the evict task with compensationTime 6ms
2025-05-06 09:47:03 - c.n.e.r.AbstractInstanceRegistry - Running the evict task with compensationTime 11ms
2025-05-06 09:48:03 - c.n.e.r.PeerAwareInstanceRegistryImpl - Current renewal threshold is : 0
2025-05-06 09:48:03 - c.n.e.r.AbstractInstanceRegistry - Running the evict task with compensationTime 7ms
2025-05-06 09:49:03 - c.n.e.r.AbstractInstanceRegistry - Running the evict task with compensationTime 5ms
2025-05-06 09:50:03 - c.n.e.r.AbstractInstanceRegistry - Running the evict task with compensationTime 0ms
2025-05-06 09:51:03 - c.n.e.r.AbstractInstanceRegistry - Running the evict task with compensationTime 0ms
2025-05-06 09:52:03 - c.n.e.r.AbstractInstanceRegistry - Running the evict task with compensationTime 0ms
2025-05-06 09:53:03 - c.n.e.r.AbstractInstanceRegistry - Running the evict task with compensationTime 0ms
2025-05-06 09:54:03 - c.n.e.r.AbstractInstanceRegistry - Running the evict task with compensationTime 0ms
2025-05-06 09:55:03 - c.n.e.r.AbstractInstanceRegistry - Running the evict task with compensationTime 0ms
2025-05-06 09:56:03 - c.n.e.r.AbstractInstanceRegistry - Running the evict task with compensationTime 0ms
2025-05-06 09:57:03 - c.n.e.r.AbstractInstanceRegistry - Running the evict task with compensationTime 1ms
2025-05-06 09:58:03 - c.n.e.r.AbstractInstanceRegistry - Running the evict task with compensationTime 0ms
2025-05-06 09:59:03 - c.n.e.r.AbstractInstanceRegistry - Running the evict task with compensationTime 0ms
2025-05-06 10:00:03 - c.n.e.r.AbstractInstanceRegistry - Running the evict task with compensationTime 0ms
2025-05-06 10:01:03 - c.n.e.r.AbstractInstanceRegistry - Running the evict task with compensationTime 0ms
2025-05-06 10:02:03 - c.n.e.r.AbstractInstanceRegistry - Running the evict task with compensationTime 0ms
2025-05-06 10:03:03 - c.n.e.r.PeerAwareInstanceRegistryImpl - Current renewal threshold is : 0
2025-05-06 10:03:03 - c.n.e.r.AbstractInstanceRegistry - Running the evict task with compensationTime 0ms
2025-05-06 10:04:03 - c.n.e.r.AbstractInstanceRegistry - Running the evict task with compensationTime 0ms
2025-05-06 10:05:03 - c.n.e.r.AbstractInstanceRegistry - Running the evict task with compensationTime 0ms
2025-05-06 10:06:03 - c.n.e.r.AbstractInstanceRegistry - Running the evict task with compensationTime 4ms
2025-05-06 10:07:03 - c.n.e.r.AbstractInstanceRegistry - Running the evict task with compensationTime 6ms
2025-05-06 10:08:03 - c.n.e.r.AbstractInstanceRegistry - Running the evict task with compensationTime 2ms
2025-05-06 10:09:03 - c.n.e.r.AbstractInstanceRegistry - Running the evict task with compensationTime 1ms
2025-05-06 10:10:03 - c.n.e.r.AbstractInstanceRegistry - Running the evict task with compensationTime 2ms
2025-05-06 10:11:03 - c.n.e.r.AbstractInstanceRegistry - Running the evict task with compensationTime 1ms
2025-05-06 10:12:03 - c.n.e.r.AbstractInstanceRegistry - Running the evict task with compensationTime 1ms
2025-05-06 10:13:03 - c.n.e.r.AbstractInstanceRegistry - Running the evict task with compensationTime 7ms
2025-05-06 10:14:03 - c.n.e.r.AbstractInstanceRegistry - Running the evict task with compensationTime 3ms
2025-05-06 10:15:03 - c.n.e.r.AbstractInstanceRegistry - Running the evict task with compensationTime 6ms
2025-05-06 10:16:03 - c.n.e.r.AbstractInstanceRegistry - Running the evict task with compensationTime 4ms
2025-05-06 10:17:03 - c.n.e.r.AbstractInstanceRegistry - Running the evict task with compensationTime 0ms
2025-05-06 10:18:00 - c.n.e.r.AbstractInstanceRegistry - Registered instance SEARCH-SERVICE/localhost:search-service:8081 with status DOWN (replication=false)
2025-05-06 10:18:00 - c.n.e.r.AbstractInstanceRegistry - Registered instance SEARCH-SERVICE/localhost:search-service:8081 with status DOWN (replication=true)
2025-05-06 10:18:03 - c.n.e.r.PeerAwareInstanceRegistryImpl - Current renewal threshold is : 0
2025-05-06 10:18:03 - c.n.e.r.AbstractInstanceRegistry - Running the evict task with compensationTime 3ms
2025-05-06 10:18:04 - c.n.e.r.AbstractInstanceRegistry - Cancelled instance SEARCH-SERVICE/localhost:search-service:8081 (replication=false)
2025-05-06 10:18:05 - c.n.e.r.AbstractInstanceRegistry - DS: Registry: cancel failed because Lease is not registered for: SEARCH-SERVICE/localhost:search-service:8081
2025-05-06 10:18:05 - c.n.e.resources.InstanceResource - Not Found (Cancel): SEARCH-SERVICE - localhost:search-service:8081
2025-05-06 10:18:05 - c.n.eureka.cluster.ReplicationTask - The replication of task SEARCH-SERVICE/localhost:search-service:8081:Cancel@localhost failed with response code 404
2025-05-06 10:18:05 - c.n.eureka.cluster.PeerEurekaNode - SEARCH-SERVICE/localhost:search-service:8081:Cancel@localhost: missing entry.
2025-05-06 10:18:13 - c.n.e.r.AbstractInstanceRegistry - Registered instance SEARCH-SERVICE/localhost:search-service:8081 with status UP (replication=false)
2025-05-06 10:18:13 - c.n.e.r.AbstractInstanceRegistry - Registered instance SEARCH-SERVICE/localhost:search-service:8081 with status UP (replication=true)
2025-05-06 10:18:14 - c.n.e.r.AbstractInstanceRegistry - Registered instance SEARCH-SERVICE/localhost:search-service:8081 with status DOWN (replication=false)
2025-05-06 10:18:14 - c.n.e.r.AbstractInstanceRegistry - Registered instance SEARCH-SERVICE/localhost:search-service:8081 with status DOWN (replication=true)
2025-05-06 10:18:17 - c.n.e.r.AbstractInstanceRegistry - Cancelled instance SEARCH-SERVICE/localhost:search-service:8081 (replication=false)
2025-05-06 10:18:18 - c.n.e.r.AbstractInstanceRegistry - DS: Registry: cancel failed because Lease is not registered for: SEARCH-SERVICE/localhost:search-service:8081
2025-05-06 10:18:18 - c.n.e.resources.InstanceResource - Not Found (Cancel): SEARCH-SERVICE - localhost:search-service:8081
2025-05-06 10:18:18 - c.n.eureka.cluster.ReplicationTask - The replication of task SEARCH-SERVICE/localhost:search-service:8081:Cancel@localhost failed with response code 404
2025-05-06 10:18:18 - c.n.eureka.cluster.PeerEurekaNode - SEARCH-SERVICE/localhost:search-service:8081:Cancel@localhost: missing entry.
2025-05-06 10:18:24 - c.n.e.r.AbstractInstanceRegistry - Registered instance SEARCH-SERVICE/localhost:search-service:8081 with status UP (replication=false)
2025-05-06 10:18:25 - c.n.e.r.AbstractInstanceRegistry - Registered instance SEARCH-SERVICE/localhost:search-service:8081 with status UP (replication=true)
2025-05-06 10:19:03 - c.n.e.r.AbstractInstanceRegistry - Running the evict task with compensationTime 2ms
2025-05-06 10:20:03 - c.n.e.r.AbstractInstanceRegistry - Running the evict task with compensationTime 4ms
2025-05-06 10:21:03 - c.n.e.r.AbstractInstanceRegistry - Running the evict task with compensationTime 5ms
2025-05-06 10:22:03 - c.n.e.r.AbstractInstanceRegistry - Running the evict task with compensationTime 3ms
2025-05-06 10:23:03 - c.n.e.r.AbstractInstanceRegistry - Running the evict task with compensationTime 0ms
2025-05-06 10:24:03 - c.n.e.r.AbstractInstanceRegistry - Running the evict task with compensationTime 1ms
2025-05-06 10:25:03 - c.n.e.r.AbstractInstanceRegistry - Running the evict task with compensationTime 6ms
2025-05-06 10:26:03 - c.n.e.r.AbstractInstanceRegistry - Running the evict task with compensationTime 9ms
2025-05-06 10:27:03 - c.n.e.r.AbstractInstanceRegistry - Running the evict task with compensationTime 0ms
2025-05-06 10:28:03 - c.n.e.r.AbstractInstanceRegistry - Running the evict task with compensationTime 1ms
2025-05-06 10:28:50 - c.n.e.r.AbstractInstanceRegistry - Registered instance BOOKING-SERVICE/localhost:booking-service:8084 with status DOWN (replication=false)
2025-05-06 10:28:51 - c.n.e.r.AbstractInstanceRegistry - Registered instance BOOKING-SERVICE/localhost:booking-service:8084 with status DOWN (replication=true)
2025-05-06 10:28:51 - c.n.e.r.AbstractInstanceRegistry - Registered instance PRICING-SERVICE/localhost:pricing-service:8085 with status DOWN (replication=false)
2025-05-06 10:28:52 - c.n.e.r.AbstractInstanceRegistry - Registered instance PRICING-SERVICE/localhost:pricing-service:8085 with status DOWN (replication=true)
2025-05-06 10:28:52 - c.n.e.r.AbstractInstanceRegistry - Registered instance SEARCH-SERVICE/localhost:search-service:8081 with status DOWN (replication=false)
2025-05-06 10:28:53 - c.n.e.r.AbstractInstanceRegistry - Registered instance SEARCH-SERVICE/localhost:search-service:8081 with status DOWN (replication=true)
2025-05-06 10:28:54 - o.s.b.a.SpringApplicationAdminMXBeanRegistrar$SpringApplicationAdmin - Application shutdown requested.
2025-05-06 10:28:54 - o.s.c.n.e.s.EurekaServiceRegistry - Unregistering application UNKNOWN with eureka with status DOWN
2025-05-06 10:28:54 - o.s.b.a.SpringApplicationAdminMXBeanRegistrar$SpringApplicationAdmin - Application shutdown requested.
2025-05-06 10:28:54 - o.s.b.w.e.tomcat.GracefulShutdown - Commencing graceful shutdown. Waiting for active requests to complete
2025-05-06 10:28:54 - o.s.b.w.e.tomcat.GracefulShutdown - Graceful shutdown complete
2025-05-06 10:28:54 - o.s.c.n.e.s.EurekaServerBootstrap - Shutting down Eureka Server..
2025-05-06 10:28:54 - c.n.e.DefaultEurekaServerContext - Shutting down ...
2025-05-06 10:28:54 - c.n.e.DefaultEurekaServerContext - Shut down
2025-05-06 10:28:54 - o.s.c.n.e.s.EurekaServerBootstrap - Eureka Service is now shutdown...
2025-05-06 10:28:54 - c.n.e.DefaultEurekaServerContext - Shutting down ...
2025-05-06 10:28:54 - c.n.e.DefaultEurekaServerContext - Shut down
2025-05-06 10:28:54 - c.n.d.s.t.j.EurekaJersey3ClientImpl - Cannot clean connections
java.lang.IllegalStateException: Client instance has been closed.
	at org.glassfish.jersey.internal.guava.Preconditions.checkState(Preconditions.java:169)
	at org.glassfish.jersey.client.JerseyClient.checkNotClosed(JerseyClient.java:248)
	at org.glassfish.jersey.client.JerseyClient.getConfiguration(JerseyClient.java:363)
	at org.glassfish.jersey.client.JerseyClient.getConfiguration(JerseyClient.java:54)
	at com.netflix.discovery.shared.transport.jersey3.EurekaJersey3ClientImpl$ConnectionCleanerTask.run(EurekaJersey3ClientImpl.java:338)
	at java.base/java.util.concurrent.Executors$RunnableAdapter.call(Executors.java:572)
	at java.base/java.util.concurrent.FutureTask.run(FutureTask.java:317)
	at java.base/java.util.concurrent.ScheduledThreadPoolExecutor$ScheduledFutureTask.run(ScheduledThreadPoolExecutor.java:304)
	at java.base/java.util.concurrent.ThreadPoolExecutor.runWorker(ThreadPoolExecutor.java:1144)
	at java.base/java.util.concurrent.ThreadPoolExecutor$Worker.run(ThreadPoolExecutor.java:642)
	at java.base/java.lang.Thread.run(Thread.java:1583)
2025-05-06 10:28:54 - c.netflix.discovery.DiscoveryClient - Shutting down DiscoveryClient ...
2025-05-06 10:28:54 - c.netflix.discovery.DiscoveryClient - Completed shut down of DiscoveryClient
2025-05-06 11:30:38 - c.f.eureka.EurekaServerApplication - Starting EurekaServerApplication using Java 21.0.6 with PID 6704 (C:\Users\HP\OneDrive\Desktop\Flight-Booking-Proto\Flight-Booking-Proto\Eureka-Server\target\classes started by HP in C:\Users\HP\OneDrive\Desktop\Flight-Booking-Proto\Flight-Booking-Proto\Eureka-Server)
2025-05-06 11:30:38 - c.f.eureka.EurekaServerApplication - No active profile set, falling back to 1 default profile: "default"
2025-05-06 11:30:39 - o.s.cloud.context.scope.GenericScope - BeanFactory id=b1ba57f4-bbdb-34ba-8d4f-c394292dcbc4
2025-05-06 11:30:40 - o.s.b.w.e.tomcat.TomcatWebServer - Tomcat initialized with port 8761 (http)
2025-05-06 11:30:40 - o.a.catalina.core.StandardService - Starting service [Tomcat]
2025-05-06 11:30:40 - o.a.catalina.core.StandardEngine - Starting Servlet engine: [Apache Tomcat/10.1.39]
2025-05-06 11:30:40 - o.a.c.c.C.[Tomcat].[localhost].[/] - Initializing Spring embedded WebApplicationContext
2025-05-06 11:30:40 - o.s.b.w.s.c.ServletWebServerApplicationContext - Root WebApplicationContext: initialization completed in 1564 ms
2025-05-06 11:30:41 - c.n.d.p.DiscoveryJerseyProvider - Using JSON encoding codec LegacyJacksonJson
2025-05-06 11:30:41 - c.n.d.p.DiscoveryJerseyProvider - Using JSON decoding codec LegacyJacksonJson
2025-05-06 11:30:41 - c.n.d.p.DiscoveryJerseyProvider - Using XML encoding codec XStreamXml
2025-05-06 11:30:41 - c.n.d.p.DiscoveryJerseyProvider - Using XML decoding codec XStreamXml
2025-05-06 11:30:41 - o.s.v.b.OptionalValidatorFactoryBean - Failed to set up a Bean Validation provider: jakarta.validation.NoProviderFoundException: Unable to create a Configuration, because no Jakarta Bean Validation provider could be found. Add a provider like Hibernate Validator (RI) to your classpath.
2025-05-06 11:30:42 - o.s.cloud.commons.util.InetUtils - Cannot determine local hostname
2025-05-06 11:30:44 - o.s.cloud.commons.util.InetUtils - Cannot determine local hostname
2025-05-06 11:30:44 - o.s.c.l.c.LoadBalancerCacheAutoConfiguration$LoadBalancerCaffeineWarnLogger - Spring Cloud LoadBalancer is currently working with the default cache. While this cache implementation is useful for development and tests, it's recommended to use Caffeine cache in production.You can switch to using Caffeine cache, by adding it and org.springframework.cache.caffeine.CaffeineCacheManager to the classpath.
2025-05-06 11:30:44 - o.s.c.n.eureka.InstanceInfoFactory - Setting initial instance status as: STARTING
2025-05-06 11:30:44 - c.netflix.discovery.DiscoveryClient - Initializing Eureka in region us-east-1
2025-05-06 11:30:44 - c.netflix.discovery.DiscoveryClient - Client configured to neither register nor query for data.
2025-05-06 11:30:44 - c.netflix.discovery.DiscoveryClient - Discovery Client initialized at timestamp 1746511244583 with initial instances count: 0
2025-05-06 11:30:44 - c.n.e.DefaultEurekaServerContext - Initializing ...
2025-05-06 11:30:44 - c.n.eureka.cluster.PeerEurekaNodes - Adding new peer nodes [http://localhost:8761/eureka/]
2025-05-06 11:30:44 - c.n.d.p.DiscoveryJerseyProvider - Using JSON encoding codec LegacyJacksonJson
2025-05-06 11:30:44 - c.n.d.p.DiscoveryJerseyProvider - Using JSON decoding codec LegacyJacksonJson
2025-05-06 11:30:44 - c.n.d.p.DiscoveryJerseyProvider - Using XML encoding codec XStreamXml
2025-05-06 11:30:44 - c.n.d.p.DiscoveryJerseyProvider - Using XML decoding codec XStreamXml
2025-05-06 11:30:45 - c.n.eureka.cluster.PeerEurekaNodes - Replica node URL:  http://localhost:8761/eureka/
2025-05-06 11:30:45 - c.n.e.r.AbstractInstanceRegistry - Finished initializing remote region registries. All known remote regions: []
2025-05-06 11:30:45 - c.n.e.DefaultEurekaServerContext - Initialized
2025-05-06 11:30:45 - o.s.b.a.e.web.EndpointLinksResolver - Exposing 1 endpoint beneath base path '/actuator'
2025-05-06 11:30:45 - o.s.c.n.e.s.EurekaServiceRegistry - Registering application UNKNOWN with eureka with status UP
2025-05-06 11:30:45 - o.s.c.n.e.s.EurekaServerBootstrap - isAws returned false
2025-05-06 11:30:45 - o.s.c.n.e.s.EurekaServerBootstrap - Initialized server context
2025-05-06 11:30:45 - c.n.e.r.PeerAwareInstanceRegistryImpl - Got 1 instances from neighboring DS node
2025-05-06 11:30:45 - c.n.e.r.PeerAwareInstanceRegistryImpl - Renew threshold is: 1
2025-05-06 11:30:45 - c.n.e.r.PeerAwareInstanceRegistryImpl - Changing status to UP
2025-05-06 11:30:45 - o.s.c.n.e.s.EurekaServerInitializerConfiguration - Started Eureka Server
2025-05-06 11:30:45 - o.s.b.w.e.tomcat.TomcatWebServer - Tomcat started on port 8761 (http) with context path '/'
2025-05-06 11:30:45 - o.s.c.n.e.s.EurekaAutoServiceRegistration - Updating port to 8761
2025-05-06 11:30:46 - o.s.cloud.commons.util.InetUtils - Cannot determine local hostname
2025-05-06 11:30:46 - c.f.eureka.EurekaServerApplication - Started EurekaServerApplication in 9.486 seconds (process running for 10.409)
2025-05-06 11:30:47 - o.a.c.c.C.[Tomcat].[localhost].[/] - Initializing Spring DispatcherServlet 'dispatcherServlet'
2025-05-06 11:30:47 - o.s.web.servlet.DispatcherServlet - Initializing Servlet 'dispatcherServlet'
2025-05-06 11:30:47 - o.s.web.servlet.DispatcherServlet - Completed initialization in 4 ms
2025-05-06 11:31:31 - c.n.e.r.AbstractInstanceRegistry - Registered instance SEARCH-SERVICE/localhost:search-service:8081 with status UP (replication=false)
2025-05-06 11:31:32 - c.n.e.r.AbstractInstanceRegistry - Registered instance SEARCH-SERVICE/localhost:search-service:8081 with status UP (replication=true)
2025-05-06 11:31:45 - c.n.e.r.AbstractInstanceRegistry - Running the evict task with compensationTime 0ms
2025-05-06 11:32:45 - c.n.e.r.AbstractInstanceRegistry - Running the evict task with compensationTime 1ms
2025-05-06 11:33:45 - c.n.e.r.AbstractInstanceRegistry - Running the evict task with compensationTime 5ms
2025-05-06 11:34:28 - c.n.e.r.AbstractInstanceRegistry - Registered instance PAYMENT_SERVICE/localhost:Payment_Service:8082 with status UP (replication=false)
2025-05-06 11:34:29 - c.n.e.r.AbstractInstanceRegistry - Registered instance PAYMENT_SERVICE/localhost:Payment_Service:8082 with status UP (replication=true)
2025-05-06 11:34:45 - c.n.e.r.AbstractInstanceRegistry - Running the evict task with compensationTime 9ms
2025-05-06 11:34:58 - c.n.e.r.AbstractInstanceRegistry - Registered instance PRICING-SERVICE/localhost:pricing-service:8085 with status UP (replication=false)
2025-05-06 11:34:58 - c.n.e.r.AbstractInstanceRegistry - Registered instance PRICING-SERVICE/localhost:pricing-service:8085 with status UP (replication=true)
2025-05-06 11:35:31 - c.n.e.r.AbstractInstanceRegistry - Registered instance BOOKING-SERVICE/localhost:booking-service:8084 with status UP (replication=false)
2025-05-06 11:35:31 - c.n.e.r.AbstractInstanceRegistry - Registered instance BOOKING-SERVICE/localhost:booking-service:8084 with status UP (replication=true)
2025-05-06 11:35:45 - c.n.e.r.AbstractInstanceRegistry - Running the evict task with compensationTime 0ms
2025-05-06 11:36:45 - c.n.e.r.AbstractInstanceRegistry - Running the evict task with compensationTime 1ms
2025-05-06 11:37:45 - c.n.e.r.AbstractInstanceRegistry - Running the evict task with compensationTime 7ms
2025-05-06 11:38:45 - c.n.e.r.AbstractInstanceRegistry - Running the evict task with compensationTime 4ms
2025-05-06 11:39:45 - c.n.e.r.AbstractInstanceRegistry - Running the evict task with compensationTime 12ms
2025-05-06 11:40:45 - c.n.e.r.AbstractInstanceRegistry - Running the evict task with compensationTime 0ms
2025-05-06 11:41:39 - c.n.e.r.AbstractInstanceRegistry - Registered instance AUTH-SERVICE/localhost:Auth-service:8080 with status UP (replication=false)
2025-05-06 11:41:39 - c.n.e.r.AbstractInstanceRegistry - Registered instance AUTH-SERVICE/localhost:Auth-service:8080 with status UP (replication=true)
2025-05-06 11:41:45 - c.n.e.r.AbstractInstanceRegistry - Running the evict task with compensationTime 0ms
2025-05-06 11:42:45 - c.n.e.r.AbstractInstanceRegistry - Running the evict task with compensationTime 4ms
2025-05-06 11:43:45 - c.n.e.r.AbstractInstanceRegistry - Running the evict task with compensationTime 3ms
2025-05-06 11:44:45 - c.n.e.r.AbstractInstanceRegistry - Running the evict task with compensationTime 3ms
2025-05-06 11:45:45 - c.n.e.r.PeerAwareInstanceRegistryImpl - Current renewal threshold is : 0
2025-05-06 11:45:45 - c.n.e.r.AbstractInstanceRegistry - Running the evict task with compensationTime 4ms
2025-05-06 11:46:45 - c.n.e.r.AbstractInstanceRegistry - Running the evict task with compensationTime 4ms
2025-05-06 11:47:45 - c.n.e.r.AbstractInstanceRegistry - Running the evict task with compensationTime 9ms
2025-05-06 11:48:45 - c.n.e.r.AbstractInstanceRegistry - Running the evict task with compensationTime 4ms
2025-05-06 11:49:45 - c.n.e.r.AbstractInstanceRegistry - Running the evict task with compensationTime 2ms
2025-05-06 11:50:45 - c.n.e.r.AbstractInstanceRegistry - Running the evict task with compensationTime 6ms
2025-05-06 11:51:45 - c.n.e.r.AbstractInstanceRegistry - Running the evict task with compensationTime 0ms
2025-05-06 11:52:45 - c.n.e.r.AbstractInstanceRegistry - Running the evict task with compensationTime 12ms
2025-05-06 11:53:45 - c.n.e.r.AbstractInstanceRegistry - Running the evict task with compensationTime 6ms
2025-05-06 11:54:45 - c.n.e.r.AbstractInstanceRegistry - Running the evict task with compensationTime 13ms
2025-05-06 11:55:45 - c.n.e.r.AbstractInstanceRegistry - Running the evict task with compensationTime 13ms
2025-05-06 11:56:45 - c.n.e.r.AbstractInstanceRegistry - Running the evict task with compensationTime 12ms
2025-05-06 11:57:45 - c.n.e.r.AbstractInstanceRegistry - Running the evict task with compensationTime 2ms
2025-05-06 11:58:45 - c.n.e.r.AbstractInstanceRegistry - Running the evict task with compensationTime 0ms
2025-05-06 11:59:45 - c.n.e.r.AbstractInstanceRegistry - Running the evict task with compensationTime 0ms
2025-05-06 12:00:45 - c.n.e.r.PeerAwareInstanceRegistryImpl - Current renewal threshold is : 0
2025-05-06 12:00:45 - c.n.e.r.AbstractInstanceRegistry - Running the evict task with compensationTime 15ms
2025-05-06 12:01:45 - c.n.e.r.AbstractInstanceRegistry - Running the evict task with compensationTime 1ms
2025-05-06 12:02:45 - c.n.e.r.AbstractInstanceRegistry - Running the evict task with compensationTime 11ms
2025-05-06 12:03:45 - c.n.e.r.AbstractInstanceRegistry - Running the evict task with compensationTime 13ms
2025-05-06 12:04:45 - c.n.e.r.AbstractInstanceRegistry - Running the evict task with compensationTime 2ms
2025-05-06 12:05:45 - c.n.e.r.AbstractInstanceRegistry - Running the evict task with compensationTime 6ms
2025-05-06 12:06:45 - c.n.e.r.AbstractInstanceRegistry - Running the evict task with compensationTime 0ms
2025-05-06 12:07:45 - c.n.e.r.AbstractInstanceRegistry - Running the evict task with compensationTime 9ms
2025-05-06 12:08:45 - c.n.e.r.AbstractInstanceRegistry - Running the evict task with compensationTime 0ms
2025-05-06 12:09:45 - c.n.e.r.AbstractInstanceRegistry - Running the evict task with compensationTime 0ms
2025-05-06 12:10:45 - c.n.e.r.AbstractInstanceRegistry - Running the evict task with compensationTime 10ms
2025-05-06 12:11:45 - c.n.e.r.AbstractInstanceRegistry - Running the evict task with compensationTime 9ms
2025-05-06 12:12:45 - c.n.e.r.AbstractInstanceRegistry - Running the evict task with compensationTime 6ms
2025-05-06 12:13:45 - c.n.e.r.AbstractInstanceRegistry - Running the evict task with compensationTime 0ms
2025-05-06 12:14:45 - c.n.e.r.AbstractInstanceRegistry - Running the evict task with compensationTime 3ms
2025-05-06 12:15:45 - c.n.e.r.PeerAwareInstanceRegistryImpl - Current renewal threshold is : 0
2025-05-06 12:15:45 - c.n.e.r.AbstractInstanceRegistry - Running the evict task with compensationTime 1ms
2025-05-06 12:16:45 - c.n.e.r.AbstractInstanceRegistry - Running the evict task with compensationTime 0ms
2025-05-06 12:17:45 - c.n.e.r.AbstractInstanceRegistry - Running the evict task with compensationTime 1ms
2025-05-06 12:18:45 - c.n.e.r.AbstractInstanceRegistry - Running the evict task with compensationTime 8ms
2025-05-06 12:19:45 - c.n.e.r.AbstractInstanceRegistry - Running the evict task with compensationTime 15ms
2025-05-06 12:20:45 - c.n.e.r.AbstractInstanceRegistry - Running the evict task with compensationTime 4ms
2025-05-06 12:21:45 - c.n.e.r.AbstractInstanceRegistry - Running the evict task with compensationTime 0ms
2025-05-06 12:22:45 - c.n.e.r.AbstractInstanceRegistry - Running the evict task with compensationTime 9ms
2025-05-06 12:23:45 - c.n.e.r.AbstractInstanceRegistry - Running the evict task with compensationTime 4ms
2025-05-06 12:24:45 - c.n.e.r.AbstractInstanceRegistry - Running the evict task with compensationTime 14ms
2025-05-06 12:25:45 - c.n.e.r.AbstractInstanceRegistry - Running the evict task with compensationTime 10ms
2025-05-06 12:26:45 - c.n.e.r.AbstractInstanceRegistry - Running the evict task with compensationTime 11ms
2025-05-06 12:27:45 - c.n.e.r.AbstractInstanceRegistry - Running the evict task with compensationTime 4ms
2025-05-06 12:28:45 - c.n.e.r.AbstractInstanceRegistry - Running the evict task with compensationTime 2ms
2025-05-06 12:29:45 - c.n.e.r.AbstractInstanceRegistry - Running the evict task with compensationTime 10ms
2025-05-06 12:30:45 - c.n.e.r.PeerAwareInstanceRegistryImpl - Current renewal threshold is : 0
2025-05-06 12:30:45 - c.n.e.r.AbstractInstanceRegistry - Running the evict task with compensationTime 5ms
2025-05-06 12:31:45 - c.n.e.r.AbstractInstanceRegistry - Running the evict task with compensationTime 14ms
2025-05-06 12:32:45 - c.n.e.r.AbstractInstanceRegistry - Running the evict task with compensationTime 0ms
2025-05-06 12:33:45 - c.n.e.r.AbstractInstanceRegistry - Running the evict task with compensationTime 8ms
2025-05-06 12:34:45 - c.n.e.r.AbstractInstanceRegistry - Running the evict task with compensationTime 5ms
2025-05-06 12:35:45 - c.n.e.r.AbstractInstanceRegistry - Running the evict task with compensationTime 7ms
2025-05-06 12:36:45 - c.n.e.r.AbstractInstanceRegistry - Running the evict task with compensationTime 9ms
2025-05-06 12:37:45 - c.n.e.r.AbstractInstanceRegistry - Running the evict task with compensationTime 2ms
2025-05-06 12:38:45 - c.n.e.r.AbstractInstanceRegistry - Running the evict task with compensationTime 14ms
2025-05-06 12:39:45 - c.n.e.r.AbstractInstanceRegistry - Running the evict task with compensationTime 7ms
2025-05-06 12:40:45 - c.n.e.r.AbstractInstanceRegistry - Running the evict task with compensationTime 12ms
2025-05-06 12:41:45 - c.n.e.r.AbstractInstanceRegistry - Running the evict task with compensationTime 3ms
2025-05-06 12:42:45 - c.n.e.r.AbstractInstanceRegistry - Running the evict task with compensationTime 8ms
2025-05-06 12:43:45 - c.n.e.r.AbstractInstanceRegistry - Running the evict task with compensationTime 5ms
2025-05-06 12:44:45 - c.n.e.r.AbstractInstanceRegistry - Running the evict task with compensationTime 5ms
2025-05-06 12:45:45 - c.n.e.r.PeerAwareInstanceRegistryImpl - Current renewal threshold is : 0
2025-05-06 12:45:45 - c.n.e.r.AbstractInstanceRegistry - Running the evict task with compensationTime 3ms
2025-05-06 12:46:45 - c.n.e.r.AbstractInstanceRegistry - Running the evict task with compensationTime 3ms
2025-05-06 12:47:45 - c.n.e.r.AbstractInstanceRegistry - Running the evict task with compensationTime 3ms
2025-05-06 12:48:45 - c.n.e.r.AbstractInstanceRegistry - Running the evict task with compensationTime 3ms
2025-05-06 12:49:45 - c.n.e.r.AbstractInstanceRegistry - Running the evict task with compensationTime 7ms
2025-05-06 12:50:45 - c.n.e.r.AbstractInstanceRegistry - Running the evict task with compensationTime 8ms
2025-05-06 12:51:45 - c.n.e.r.AbstractInstanceRegistry - Running the evict task with compensationTime 7ms
2025-05-06 12:52:45 - c.n.e.r.AbstractInstanceRegistry - Running the evict task with compensationTime 3ms
2025-05-06 12:53:45 - c.n.e.r.AbstractInstanceRegistry - Running the evict task with compensationTime 9ms
2025-05-06 12:54:45 - c.n.e.r.AbstractInstanceRegistry - Running the evict task with compensationTime 3ms
2025-05-06 12:55:45 - c.n.e.r.AbstractInstanceRegistry - Running the evict task with compensationTime 6ms
2025-05-06 12:56:45 - c.n.e.r.AbstractInstanceRegistry - Running the evict task with compensationTime 5ms
2025-05-06 12:57:45 - c.n.e.r.AbstractInstanceRegistry - Running the evict task with compensationTime 4ms
2025-05-06 12:58:45 - c.n.e.r.AbstractInstanceRegistry - Running the evict task with compensationTime 4ms
2025-05-06 12:59:45 - c.n.e.r.AbstractInstanceRegistry - Running the evict task with compensationTime 5ms
2025-05-06 13:00:45 - c.n.e.r.PeerAwareInstanceRegistryImpl - Current renewal threshold is : 0
2025-05-06 13:00:45 - c.n.e.r.AbstractInstanceRegistry - Running the evict task with compensationTime 0ms
2025-05-06 13:01:45 - c.n.e.r.AbstractInstanceRegistry - Running the evict task with compensationTime 3ms
2025-05-06 13:02:45 - c.n.e.r.AbstractInstanceRegistry - Running the evict task with compensationTime 6ms
2025-05-06 13:03:45 - c.n.e.r.AbstractInstanceRegistry - Running the evict task with compensationTime 11ms
2025-05-06 13:04:02 - o.s.b.a.SpringApplicationAdminMXBeanRegistrar$SpringApplicationAdmin - Application shutdown requested.
2025-05-06 13:04:02 - o.s.c.n.e.s.EurekaServiceRegistry - Unregistering application UNKNOWN with eureka with status DOWN
2025-05-06 13:04:02 - o.s.b.w.e.tomcat.GracefulShutdown - Commencing graceful shutdown. Waiting for active requests to complete
2025-05-06 13:04:02 - o.s.b.w.e.tomcat.GracefulShutdown - Graceful shutdown complete
2025-05-06 13:04:02 - o.s.c.n.e.s.EurekaServerBootstrap - Shutting down Eureka Server..
2025-05-06 13:04:02 - c.n.e.DefaultEurekaServerContext - Shutting down ...
2025-05-06 13:04:02 - c.n.e.DefaultEurekaServerContext - Shut down
2025-05-06 13:04:02 - o.s.c.n.e.s.EurekaServerBootstrap - Eureka Service is now shutdown...
2025-05-06 13:04:02 - c.n.e.DefaultEurekaServerContext - Shutting down ...
2025-05-06 13:04:02 - c.n.e.DefaultEurekaServerContext - Shut down
2025-05-06 13:04:02 - c.netflix.discovery.DiscoveryClient - Shutting down DiscoveryClient ...
2025-05-06 13:04:02 - c.netflix.discovery.DiscoveryClient - Completed shut down of DiscoveryClient
