2025-05-05 17:22:13 - com.auth.UserAuthAppApplication - Starting UserAuthAppApplication using Java 21.0.6 with PID 31596 (C:\Users\HP\OneDrive\Desktop\Flight-Booking-Proto\Flight-Booking-Proto\auth-service\target\classes started by HP in C:\Users\HP\OneDrive\Desktop\Flight-Booking-Proto\Flight-Booking-Proto\auth-service)
2025-05-05 17:22:13 - com.auth.UserAuthAppApplication - No active profile set, falling back to 1 default profile: "default"
2025-05-05 17:22:14 - o.s.d.r.c.RepositoryConfigurationDelegate - Bootstrapping Spring Data JPA repositories in DEFAULT mode.
2025-05-05 17:22:14 - o.s.d.r.c.RepositoryConfigurationDelegate - Finished Spring Data repository scanning in 56 ms. Found 1 JPA repository interface.
2025-05-05 17:22:15 - o.s.b.w.e.tomcat.TomcatWebServer - Tomcat initialized with port 8080 (http)
2025-05-05 17:22:15 - o.a.catalina.core.StandardService - Starting service [Tomcat]
2025-05-05 17:22:15 - o.a.catalina.core.StandardEngine - Starting Servlet engine: [Apache Tomcat/10.1.39]
2025-05-05 17:22:15 - o.a.c.c.C.[Tomcat].[localhost].[/] - Initializing Spring embedded WebApplicationContext
2025-05-05 17:22:15 - o.s.b.w.s.c.ServletWebServerApplicationContext - Root WebApplicationContext: initialization completed in 1394 ms
2025-05-05 17:22:15 - o.h.jpa.internal.util.LogHelper - HHH000204: Processing PersistenceUnitInfo [name: default]
2025-05-05 17:22:15 - org.hibernate.Version - HHH000412: Hibernate ORM core version 6.6.11.Final
2025-05-05 17:22:15 - o.h.c.i.RegionFactoryInitiator - HHH000026: Second-level cache disabled
2025-05-05 17:22:15 - o.s.o.j.p.SpringPersistenceUnitInfo - No LoadTimeWeaver setup: ignoring JPA class transformer
2025-05-05 17:22:15 - com.zaxxer.hikari.HikariDataSource - HikariPool-1 - Starting...
2025-05-05 17:22:16 - com.zaxxer.hikari.pool.HikariPool - HikariPool-1 - Added connection com.mysql.cj.jdbc.ConnectionImpl@3722f39d
2025-05-05 17:22:16 - com.zaxxer.hikari.HikariDataSource - HikariPool-1 - Start completed.
2025-05-05 17:22:16 - org.hibernate.orm.deprecation - HHH90000025: MySQL8Dialect does not need to be specified explicitly using 'hibernate.dialect' (remove the property setting and it will be selected by default)
2025-05-05 17:22:16 - org.hibernate.orm.deprecation - HHH90000026: MySQL8Dialect has been deprecated; use org.hibernate.dialect.MySQLDialect instead
2025-05-05 17:22:16 - o.hibernate.orm.connections.pooling - HHH10001005: Database info:
	Database JDBC URL [Connecting through datasource 'HikariDataSource (HikariPool-1)']
	Database driver: undefined/unknown
	Database version: 8.0
	Autocommit mode: undefined/unknown
	Isolation level: undefined/unknown
	Minimum pool size: undefined/unknown
	Maximum pool size: undefined/unknown
2025-05-05 17:22:17 - o.h.e.t.j.p.i.JtaPlatformInitiator - HHH000489: No JTA platform available (set 'hibernate.transaction.jta.platform' to enable JTA platform integration)
2025-05-05 17:22:17 - o.s.o.j.LocalContainerEntityManagerFactoryBean - Initialized JPA EntityManagerFactory for persistence unit 'default'
2025-05-05 17:22:17 - o.s.b.a.o.j.JpaBaseConfiguration$JpaWebConfiguration - spring.jpa.open-in-view is enabled by default. Therefore, database queries may be performed during view rendering. Explicitly configure spring.jpa.open-in-view to disable this warning
2025-05-05 17:22:17 - o.s.b.a.s.s.UserDetailsServiceAutoConfiguration - 

Using generated security password: 4962fb8c-2bbf-4e4c-a95d-de553adf09b6

This generated password is for development use only. Your security configuration must be updated before running your application in production.

2025-05-05 17:22:17 - o.s.s.c.a.a.c.InitializeUserDetailsBeanManagerConfigurer$InitializeUserDetailsManagerConfigurer - Global AuthenticationManager configured with UserDetailsService bean with name inMemoryUserDetailsManager
2025-05-05 17:22:18 - o.s.b.w.e.tomcat.TomcatWebServer - Tomcat started on port 8080 (http) with context path '/'
2025-05-05 17:22:18 - com.auth.UserAuthAppApplication - Started UserAuthAppApplication in 5.015 seconds (process running for 5.739)
2025-05-05 17:22:52 - o.s.b.a.SpringApplicationAdminMXBeanRegistrar$SpringApplicationAdmin - Application shutdown requested.
2025-05-05 17:22:52 - o.s.b.w.e.tomcat.GracefulShutdown - Commencing graceful shutdown. Waiting for active requests to complete
2025-05-05 17:22:52 - o.s.b.w.e.tomcat.GracefulShutdown - Graceful shutdown complete
2025-05-05 17:22:52 - o.s.o.j.LocalContainerEntityManagerFactoryBean - Closing JPA EntityManagerFactory for persistence unit 'default'
2025-05-05 17:22:52 - com.zaxxer.hikari.HikariDataSource - HikariPool-1 - Shutdown initiated...
2025-05-05 17:22:52 - com.zaxxer.hikari.HikariDataSource - HikariPool-1 - Shutdown completed.
